
=== Mon Aug 12 18:03:15 2024

Packages were changed.
Update Mode: resetToDefaultDependencies

The following packages were added:
  com.unity.modules.unityanalytics@1.0.0
The following packages were removed:
  com.unity.cinemachine@2.9.7
  com.unity.collab-proxy@2.0.5
  com.unity.feature.development@1.0.1
  com.unity.textmeshpro@3.0.6
  com.unity.timeline@1.7.5
  com.unity.ugui@1.0.0
  com.unity.visualscripting@1.8.0

=== Tue Sep  3 14:54:51 2024

Packages were changed.
Update Mode: updateDependencies

The following packages were added:
  com.unity.ai.navigation@1.1.4
The following packages were updated:
  com.unity.inputsystem from version 1.3.0 to 1.6.1
  com.unity.searcher from version 4.0.9 to 4.9.2
  com.unity.textmeshpro from version 2.1.6 to 3.0.6
